c:\labas3\build\my_laba_3.dir\debug\vc143.pdb
c:\labas3\build\my_laba_3.dir\debug\trapezoid.obj
c:\labas3\build\my_laba_3.dir\debug\square.obj
c:\labas3\build\my_laba_3.dir\debug\rectangle.obj
c:\labas3\build\my_laba_3.dir\debug\main.obj
c:\labas3\build\cmakefiles\generate.stamp
c:\labas3\build\debug\my_laba_3.exe
c:\labas3\build\debug\my_laba_3.pdb
c:\labas3\build\my_laba_3.dir\debug\my_laba_3.ilk
c:\labas3\build\my_laba_3.dir\debug\my_laba_3.tlog\cl.command.1.tlog
c:\labas3\build\my_laba_3.dir\debug\my_laba_3.tlog\cl.items.tlog
c:\labas3\build\my_laba_3.dir\debug\my_laba_3.tlog\cl.read.1.tlog
c:\labas3\build\my_laba_3.dir\debug\my_laba_3.tlog\cl.write.1.tlog
c:\labas3\build\my_laba_3.dir\debug\my_laba_3.tlog\custombuild.command.1.tlog
c:\labas3\build\my_laba_3.dir\debug\my_laba_3.tlog\custombuild.read.1.tlog
c:\labas3\build\my_laba_3.dir\debug\my_laba_3.tlog\custombuild.write.1.tlog
c:\labas3\build\my_laba_3.dir\debug\my_laba_3.tlog\link.command.1.tlog
c:\labas3\build\my_laba_3.dir\debug\my_laba_3.tlog\link.read.1.tlog
c:\labas3\build\my_laba_3.dir\debug\my_laba_3.tlog\link.secondary.1.tlog
c:\labas3\build\my_laba_3.dir\debug\my_laba_3.tlog\link.write.1.tlog
